#
# There is insufficient memory for the Java Runtime Environment to continue.
# Native memory allocation (malloc) failed to allocate 32744 bytes for ChunkPool::allocate
# Possible reasons:
#   The system is out of physical RAM or swap space
#   The process is running with CompressedOops enabled, and the Java Heap may be blocking the growth of the native heap
# Possible solutions:
#   Reduce memory load on the system
#   Increase physical memory or swap space
#   Check if swap backing store is full
#   Decrease Java heap size (-Xmx/-Xms)
#   Decrease number of Java threads
#   Decrease Java thread stack sizes (-Xss)
#   Set larger code cache with -XX:ReservedCodeCacheSize=
#   JVM is running with Unscaled Compressed Oops mode in which the Java heap is
#     placed in the first 4GB address space. The Java Heap base address is the
#     maximum limit for the native heap growth. Please use -XX:HeapBaseMinAddress
#     to set the Java Heap base and to place the Java Heap above 4GB virtual address.
# This output file may be truncated or incomplete.
#
#  Out of Memory Error (allocation.cpp:272), pid=8124, tid=0x0000000000003874
#
# JRE version: Java(TM) SE Runtime Environment (8.0_261-b12) (build 1.8.0_261-b12)
# Java VM: Java HotSpot(TM) 64-Bit Server VM (25.261-b12 mixed mode windows-amd64 compressed oops)
# Failed to write core dump. Minidumps are not enabled by default on client versions of Windows
#

---------------  T H R E A D  ---------------

Current thread (0x000002c82f5e1800):  JavaThread "C2 CompilerThread0" daemon [_thread_in_native, id=14452, stack(0x000000f4a4e00000,0x000000f4a4f00000)]

Stack: [0x000000f4a4e00000,0x000000f4a4f00000]
Native frames: (J=compiled Java code, j=interpreted, Vv=VM code, C=native code)
V  [jvm.dll+0x33e5f9]
V  [jvm.dll+0x2850e2]
V  [jvm.dll+0x285d8d]
V  [jvm.dll+0x27c895]
V  [jvm.dll+0xe520d]
V  [jvm.dll+0xe556c]
V  [jvm.dll+0x4f20de]
V  [jvm.dll+0x446845]
V  [jvm.dll+0x44f8f5]
V  [jvm.dll+0x44ecb5]
V  [jvm.dll+0x439bc7]
V  [jvm.dll+0xbbbcb]
V  [jvm.dll+0xba22b]
V  [jvm.dll+0x24d962]
V  [jvm.dll+0x2a1cfc]
C  [ucrtbase.dll+0x21bb2]
C  [KERNEL32.DLL+0x17034]
C  [ntdll.dll+0x52651]


Current CompileTask:
C2:   8286 1160   !   4       sun.font.TrueTypeFont::getTableBuffer (199 bytes)


---------------  P R O C E S S  ---------------

Java Threads: ( => current thread )
  0x000002c830796000 JavaThread "Image Fetcher 0" daemon [_thread_blocked, id=14456, stack(0x000000f4a6700000,0x000000f4a6800000)]
  0x000002c830793800 JavaThread "AWT-EventQueue-0" [_thread_blocked, id=16340, stack(0x000000f4a6300000,0x000000f4a6400000)]
  0x000002c83078f000 JavaThread "AWT-Shutdown" [_thread_blocked, id=16204, stack(0x000000f4a6100000,0x000000f4a6200000)]
  0x000002c830795000 JavaThread "DestroyJavaVM" [_thread_blocked, id=2952, stack(0x000000f4a4400000,0x000000f4a4500000)]
  0x000002c830794800 JavaThread "rma" [_thread_in_native, id=4952, stack(0x000000f4a6200000,0x000000f4a6300000)]
  0x000002c830793000 JavaThread "df" [_thread_blocked, id=12740, stack(0x000000f4a6000000,0x000000f4a6100000)]
  0x000002c830792000 JavaThread "ams" [_thread_blocked, id=17800, stack(0x000000f4a5f00000,0x000000f4a6000000)]
  0x000002c830790800 JavaThread "Thread-11" [_thread_in_native, id=16136, stack(0x000000f4a5800000,0x000000f4a5900000)]
  0x000002c830790000 JavaThread "Deliverer-04" [_thread_blocked, id=2744, stack(0x000000f4a5e00000,0x000000f4a5f00000)]
  0x000002c830782000 JavaThread "Deliverer-03" [_thread_blocked, id=8836, stack(0x000000f4a5d00000,0x000000f4a5e00000)]
  0x000002c83077e800 JavaThread "Deliverer-02" [_thread_blocked, id=15180, stack(0x000000f4a5c00000,0x000000f4a5d00000)]
  0x000002c8307b9800 JavaThread "Deliverer-01" [_thread_blocked, id=20296, stack(0x000000f4a5b00000,0x000000f4a5c00000)]
  0x000002c8307b8800 JavaThread "Deliverer-00" [_thread_blocked, id=15520, stack(0x000000f4a5a00000,0x000000f4a5b00000)]
  0x000002c83075e800 JavaThread "AWT-Windows" daemon [_thread_in_native, id=14464, stack(0x000000f4a5900000,0x000000f4a5a00000)]
  0x000002c830753000 JavaThread "Java2D Disposer" daemon [_thread_blocked, id=14304, stack(0x000000f4a5700000,0x000000f4a5800000)]
  0x000002c830299000 JavaThread "Thread-4" [_thread_in_native, id=13868, stack(0x000000f4a5600000,0x000000f4a5700000)]
  0x000002c830259800 JavaThread "Thread-3" [_thread_blocked, id=9420, stack(0x000000f4a5500000,0x000000f4a5600000)]
  0x000002c830261800 JavaThread "JICPServer-1099" daemon [_thread_in_native, id=18044, stack(0x000000f4a5400000,0x000000f4a5500000)]
  0x000002c830247000 JavaThread "JADE Timer dispatcher" [_thread_blocked, id=12492, stack(0x000000f4a5300000,0x000000f4a5400000)]
  0x000002c82f66a800 JavaThread "Service Thread" daemon [_thread_blocked, id=10356, stack(0x000000f4a5100000,0x000000f4a5200000)]
  0x000002c82f5f7800 JavaThread "C1 CompilerThread2" daemon [_thread_in_vm, id=10732, stack(0x000000f4a5000000,0x000000f4a5100000)]
  0x000002c82f5e6800 JavaThread "C2 CompilerThread1" daemon [_thread_in_native, id=2780, stack(0x000000f4a4f00000,0x000000f4a5000000)]
=>0x000002c82f5e1800 JavaThread "C2 CompilerThread0" daemon [_thread_in_native, id=14452, stack(0x000000f4a4e00000,0x000000f4a4f00000)]
  0x000002c82f5df800 JavaThread "Attach Listener" daemon [_thread_blocked, id=416, stack(0x000000f4a4d00000,0x000000f4a4e00000)]
  0x000002c82f5de000 JavaThread "Signal Dispatcher" daemon [_thread_blocked, id=4376, stack(0x000000f4a4c00000,0x000000f4a4d00000)]
  0x000002c82f5bd000 JavaThread "Finalizer" daemon [_thread_blocked, id=20316, stack(0x000000f4a4b00000,0x000000f4a4c00000)]
  0x000002c82f5b6000 JavaThread "Reference Handler" daemon [_thread_blocked, id=18180, stack(0x000000f4a4a00000,0x000000f4a4b00000)]

Other Threads:
  0x000002c82f593800 VMThread [stack: 0x000000f4a4900000,0x000000f4a4a00000] [id=15512]
  0x000002c82f68e800 WatcherThread [stack: 0x000000f4a5200000,0x000000f4a5300000] [id=15728]

VM state:not at safepoint (normal execution)

VM Mutex/Monitor currently owned by a thread: None

heap address: 0x0000000082000000, size: 2016 MB, Compressed Oops mode: 32-bit
Narrow klass base: 0x0000000000000000, Narrow klass shift: 3
Compressed class space size: 1073741824 Address: 0x0000000100000000

Heap:
 PSYoungGen      total 37888K, used 8533K [0x00000000d6000000, 0x00000000d8a00000, 0x0000000100000000)
  eden space 32768K, 10% used [0x00000000d6000000,0x00000000d63557b8,0x00000000d8000000)
  from space 5120K, 99% used [0x00000000d8000000,0x00000000d84ffc70,0x00000000d8500000)
  to   space 5120K, 0% used [0x00000000d8500000,0x00000000d8500000,0x00000000d8a00000)
 ParOldGen       total 86016K, used 1350K [0x0000000082000000, 0x0000000087400000, 0x00000000d6000000)
  object space 86016K, 1% used [0x0000000082000000,0x0000000082151848,0x0000000087400000)
 Metaspace       used 17269K, capacity 17554K, committed 17792K, reserved 1064960K
  class space    used 2277K, capacity 2368K, committed 2432K, reserved 1048576K

Card table byte_map: [0x000002c829c00000,0x000002c82a000000] byte_map_base: 0x000002c8297f0000

Marking Bits: (ParMarkBitMap*) 0x00000000611a4fb0
 Begin Bits: [0x000002c82a2a0000, 0x000002c82c220000)
 End Bits:   [0x000002c82c220000, 0x000002c82e1a0000)

Polling page: 0x000002c818e40000

CodeCache: size=245760Kb used=3849Kb max_used=3975Kb free=241911Kb
 bounds [0x000002c81a840000, 0x000002c81ac30000, 0x000002c829840000]
 total_blobs=1606 nmethods=1112 adapters=407
 compilation: enabled

Compilation events (10 events):
Event: 8.216 Thread 0x000002c82f5e6800 1161       4       sun.font.TrueTypeFont::initAllNames (177 bytes)
Event: 8.224 Thread 0x000002c82f5f7800 1162       3       java.util.zip.ZipCoder::toString (190 bytes)
Event: 8.225 Thread 0x000002c82f5f7800 nmethod 1162 0x000002c81a965610 code [0x000002c81a9659a0, 0x000002c81a967930]
Event: 8.233 Thread 0x000002c82f5f7800 1163       1       sun.awt.image.ImageWatched$AccWeakReference::access$000 (5 bytes)
Event: 8.234 Thread 0x000002c82f5f7800 nmethod 1163 0x000002c81ac0ba50 code [0x000002c81ac0bba0, 0x000002c81ac0bc98]
Event: 8.236 Thread 0x000002c82f5f7800 1164   !   3       javax.swing.JComponent::putClientProperty (107 bytes)
Event: 8.237 Thread 0x000002c82f5f7800 nmethod 1164 0x000002c81a9465d0 code [0x000002c81a9467c0, 0x000002c81a947200]
Event: 8.237 Thread 0x000002c82f5f7800 1166       1       java.lang.String::toString (2 bytes)
Event: 8.237 Thread 0x000002c82f5f7800 nmethod 1166 0x000002c81a946310 code [0x000002c81a946460, 0x000002c81a946578]
Event: 8.237 Thread 0x000002c82f5f7800 1168       3       javax.swing.JComponent::revalidate (53 bytes)

GC Heap History (2 events):
Event: 8.185 GC heap before
{Heap before GC invocations=1 (full 0):
 PSYoungGen      total 37888K, used 32768K [0x00000000d6000000, 0x00000000d8a00000, 0x0000000100000000)
  eden space 32768K, 100% used [0x00000000d6000000,0x00000000d8000000,0x00000000d8000000)
  from space 5120K, 0% used [0x00000000d8500000,0x00000000d8500000,0x00000000d8a00000)
  to   space 5120K, 0% used [0x00000000d8000000,0x00000000d8000000,0x00000000d8500000)
 ParOldGen       total 86016K, used 0K [0x0000000082000000, 0x0000000087400000, 0x00000000d6000000)
  object space 86016K, 0% used [0x0000000082000000,0x0000000082000000,0x0000000087400000)
 Metaspace       used 17217K, capacity 17490K, committed 17792K, reserved 1064960K
  class space    used 2267K, capacity 2368K, committed 2432K, reserved 1048576K
Event: 8.191 GC heap after
Heap after GC invocations=1 (full 0):
 PSYoungGen      total 37888K, used 5119K [0x00000000d6000000, 0x00000000d8a00000, 0x0000000100000000)
  eden space 32768K, 0% used [0x00000000d6000000,0x00000000d6000000,0x00000000d8000000)
  from space 5120K, 99% used [0x00000000d8000000,0x00000000d84ffc70,0x00000000d8500000)
  to   space 5120K, 0% used [0x00000000d8500000,0x00000000d8500000,0x00000000d8a00000)
 ParOldGen       total 86016K, used 1350K [0x0000000082000000, 0x0000000087400000, 0x00000000d6000000)
  object space 86016K, 1% used [0x0000000082000000,0x0000000082151848,0x0000000087400000)
 Metaspace       used 17217K, capacity 17490K, committed 17792K, reserved 1064960K
  class space    used 2267K, capacity 2368K, committed 2432K, reserved 1048576K
}

Deoptimization events (10 events):
Event: 7.793 Thread 0x000002c830794800 Uncommon trap: reason=class_check action=maybe_recompile pc=0x000002c81a9faae0 method=java.lang.String.equals(Ljava/lang/Object;)Z @ 8
Event: 7.793 Thread 0x000002c830794800 Uncommon trap: reason=class_check action=maybe_recompile pc=0x000002c81a9faae0 method=java.lang.String.equals(Ljava/lang/Object;)Z @ 8
Event: 8.111 Thread 0x000002c830794800 Uncommon trap: reason=class_check action=maybe_recompile pc=0x000002c81ab822a4 method=java.util.HashMap.putVal(ILjava/lang/Object;Ljava/lang/Object;ZZ)Ljava/lang/Object; @ 203
Event: 8.111 Thread 0x000002c830794800 Uncommon trap: reason=class_check action=maybe_recompile pc=0x000002c81ab822a4 method=java.util.HashMap.putVal(ILjava/lang/Object;Ljava/lang/Object;ZZ)Ljava/lang/Object; @ 203
Event: 8.111 Thread 0x000002c830794800 Uncommon trap: reason=class_check action=maybe_recompile pc=0x000002c81ab822a4 method=java.util.HashMap.putVal(ILjava/lang/Object;Ljava/lang/Object;ZZ)Ljava/lang/Object; @ 203
Event: 8.111 Thread 0x000002c830794800 Uncommon trap: reason=class_check action=maybe_recompile pc=0x000002c81ab822a4 method=java.util.HashMap.putVal(ILjava/lang/Object;Ljava/lang/Object;ZZ)Ljava/lang/Object; @ 203
Event: 8.112 Thread 0x000002c830794800 Uncommon trap: reason=class_check action=maybe_recompile pc=0x000002c81ab708e8 method=java.util.HashMap.putVal(ILjava/lang/Object;Ljava/lang/Object;ZZ)Ljava/lang/Object; @ 203
Event: 8.120 Thread 0x000002c830794800 Uncommon trap: reason=unstable_if action=reinterpret pc=0x000002c81ac055b0 method=java.lang.Character.isSurrogate(C)Z @ 3
Event: 8.120 Thread 0x000002c830794800 Uncommon trap: reason=unstable_if action=reinterpret pc=0x000002c81aac28a0 method=java.lang.String.toLowerCase(Ljava/util/Locale;)Ljava/lang/String; @ 37
Event: 8.120 Thread 0x000002c830794800 Uncommon trap: reason=unstable_if action=reinterpret pc=0x000002c81a9a8380 method=java.lang.CharacterData.of(I)Ljava/lang/CharacterData; @ 4

Classes redefined (0 events):
No events

Internal exceptions (10 events):
Event: 0.437 Thread 0x000002c818e8a800 Exception <a 'java/security/PrivilegedActionException'> (0x00000000d6181ef8) thrown at [C:\jenkins\workspace\8-2-build-windows-amd64-cygwin\jdk8u261\295\hotspot\src\share\vm\prims\jvm.cpp, line 1512]
Event: 0.437 Thread 0x000002c818e8a800 Exception <a 'java/security/PrivilegedActionException'> (0x00000000d6182108) thrown at [C:\jenkins\workspace\8-2-build-windows-amd64-cygwin\jdk8u261\295\hotspot\src\share\vm\prims\jvm.cpp, line 1512]
Event: 2.597 Thread 0x000002c818e8a800 Exception <a 'java/io/FileNotFoundException'> (0x00000000d62d72e0) thrown at [C:\jenkins\workspace\8-2-build-windows-amd64-cygwin\jdk8u261\295\hotspot\src\share\vm\prims\jni.cpp, line 710]
Event: 2.714 Thread 0x000002c818e8a800 Exception <a 'java/io/FileNotFoundException'> (0x00000000d677a260) thrown at [C:\jenkins\workspace\8-2-build-windows-amd64-cygwin\jdk8u261\295\hotspot\src\share\vm\prims\jni.cpp, line 710]
Event: 2.746 Thread 0x000002c818e8a800 Exception <a 'java/lang/NoSuchFieldError': method resolution failed> (0x00000000d684a5c8) thrown at [C:\jenkins\workspace\8-2-build-windows-amd64-cygwin\jdk8u261\295\hotspot\src\share\vm\prims\methodHandles.cpp, line 1169]
Event: 2.747 Thread 0x000002c818e8a800 Exception <a 'java/lang/NoSuchFieldError': method resolution failed> (0x00000000d6857aa0) thrown at [C:\jenkins\workspace\8-2-build-windows-amd64-cygwin\jdk8u261\295\hotspot\src\share\vm\prims\methodHandles.cpp, line 1169]
Event: 2.787 Thread 0x000002c818e8a800 Exception <a 'java/io/FileNotFoundException'> (0x00000000d6902160) thrown at [C:\jenkins\workspace\8-2-build-windows-amd64-cygwin\jdk8u261\295\hotspot\src\share\vm\prims\jni.cpp, line 710]
Event: 7.547 Thread 0x000002c830792000 Exception <a 'java/lang/NullPointerException'> (0x00000000d72badc8) thrown at [C:\jenkins\workspace\8-2-build-windows-amd64-cygwin\jdk8u261\295\hotspot\src\share\vm\interpreter\linkResolver.cpp, line 1185]
Event: 7.588 Thread 0x000002c830794800 Implicit null exception at 0x000002c81aa51354 to 0x000002c81aa51709
Event: 7.589 Thread 0x000002c830794800 Implicit null exception at 0x000002c81aa2fd97 to 0x000002c81aa301a5

Events (10 events):
Event: 8.233 Executing VM operation: RevokeBias done
Event: 8.233 Executing VM operation: RevokeBias
Event: 8.233 Executing VM operation: RevokeBias done
Event: 8.233 Executing VM operation: RevokeBias
Event: 8.233 Executing VM operation: RevokeBias done
Event: 8.234 Executing VM operation: RevokeBias
Event: 8.234 Executing VM operation: RevokeBias done
Event: 8.235 loading class jade/gui/AgentTreePopupManager
Event: 8.235 loading class jade/gui/AgentTreePopupManager done
Event: 8.238 loading class javax/swing/plaf/metal/MetalSplitPaneUI


Dynamic libraries:
0x00007ff7a4f70000 - 0x00007ff7a4fb7000 	C:\Program Files\Java\jdk1.8.0_261\bin\java.exe
0x00007ff830890000 - 0x00007ff830a85000 	C:\WINDOWS\SYSTEM32\ntdll.dll
0x00007ff830780000 - 0x00007ff83083d000 	C:\WINDOWS\System32\KERNEL32.DLL
0x00007ff82e1f0000 - 0x00007ff82e4bd000 	C:\WINDOWS\System32\KERNELBASE.dll
0x00007ff830590000 - 0x00007ff83063e000 	C:\WINDOWS\System32\ADVAPI32.dll
0x00007ff82eb60000 - 0x00007ff82ebfe000 	C:\WINDOWS\System32\msvcrt.dll
0x00007ff8306b0000 - 0x00007ff83074c000 	C:\WINDOWS\System32\sechost.dll
0x00007ff830460000 - 0x00007ff830585000 	C:\WINDOWS\System32\RPCRT4.dll
0x00007ff82fb70000 - 0x00007ff82fd10000 	C:\WINDOWS\System32\USER32.dll
0x00007ff82e6c0000 - 0x00007ff82e6e2000 	C:\WINDOWS\System32\win32u.dll
0x00007ff830750000 - 0x00007ff83077a000 	C:\WINDOWS\System32\GDI32.dll
0x00007ff82e4c0000 - 0x00007ff82e5cb000 	C:\WINDOWS\System32\gdi32full.dll
0x00007ff82e620000 - 0x00007ff82e6bd000 	C:\WINDOWS\System32\msvcp_win.dll
0x00007ff82dfa0000 - 0x00007ff82e0a0000 	C:\WINDOWS\System32\ucrtbase.dll
0x00007ff8113b0000 - 0x00007ff81164a000 	C:\WINDOWS\WinSxS\amd64_microsoft.windows.common-controls_6595b64144ccf1df_6.0.19041.1110_none_60b5254171f9507e\COMCTL32.dll
0x00007ff82edd0000 - 0x00007ff82ee00000 	C:\WINDOWS\System32\IMM32.DLL
0x00007ff82cc60000 - 0x00007ff82cc93000 	C:\WINDOWS\SYSTEM32\ntmarta.dll
0x00007ff82de60000 - 0x00007ff82de92000 	C:\WINDOWS\SYSTEM32\SspiCli.dll
0x00007ff817550000 - 0x00007ff817565000 	C:\Program Files\Java\jdk1.8.0_261\jre\bin\vcruntime140.dll
0x00007ff80bb90000 - 0x00007ff80bc2b000 	C:\Program Files\Java\jdk1.8.0_261\jre\bin\msvcp140.dll
0x00000000609b0000 - 0x000000006121c000 	C:\Program Files\Java\jdk1.8.0_261\jre\bin\server\jvm.dll
0x00007ff8306a0000 - 0x00007ff8306a8000 	C:\WINDOWS\System32\PSAPI.DLL
0x00007ff808af0000 - 0x00007ff808af9000 	C:\WINDOWS\SYSTEM32\WSOCK32.dll
0x00007ff82f3c0000 - 0x00007ff82f42b000 	C:\WINDOWS\System32\WS2_32.dll
0x00007ff821060000 - 0x00007ff821087000 	C:\WINDOWS\SYSTEM32\WINMM.dll
0x00007ff81bd80000 - 0x00007ff81bd8a000 	C:\WINDOWS\SYSTEM32\VERSION.dll
0x00007ff82c7f0000 - 0x00007ff82c802000 	C:\WINDOWS\SYSTEM32\kernel.appcore.dll
0x00007ff820d80000 - 0x00007ff820d90000 	C:\Program Files\Java\jdk1.8.0_261\jre\bin\verify.dll
0x00007ff80cc70000 - 0x00007ff80cc9b000 	C:\Program Files\Java\jdk1.8.0_261\jre\bin\java.dll
0x00007ff810380000 - 0x00007ff810398000 	C:\Program Files\Java\jdk1.8.0_261\jre\bin\zip.dll
0x00007ff82fd10000 - 0x00007ff830454000 	C:\WINDOWS\System32\SHELL32.dll
0x00007ff82c040000 - 0x00007ff82c7d4000 	C:\WINDOWS\SYSTEM32\windows.storage.dll
0x00007ff82ee00000 - 0x00007ff82f154000 	C:\WINDOWS\System32\combase.dll
0x00007ff82da00000 - 0x00007ff82da2c000 	C:\WINDOWS\SYSTEM32\Wldp.dll
0x00007ff82ed20000 - 0x00007ff82edcd000 	C:\WINDOWS\System32\SHCORE.dll
0x00007ff82f440000 - 0x00007ff82f495000 	C:\WINDOWS\System32\shlwapi.dll
0x00007ff82dee0000 - 0x00007ff82deff000 	C:\WINDOWS\SYSTEM32\profapi.dll
0x00007ff80cc50000 - 0x00007ff80cc6c000 	C:\Program Files\Java\jdk1.8.0_261\jre\bin\net.dll
0x00007ff82d760000 - 0x00007ff82d7ca000 	C:\WINDOWS\system32\mswsock.dll
0x00007ff82d3e0000 - 0x00007ff82d41b000 	C:\WINDOWS\SYSTEM32\IPHLPAPI.DLL
0x00007ff830840000 - 0x00007ff830848000 	C:\WINDOWS\System32\NSI.dll
0x00007ff820ff0000 - 0x00007ff821007000 	C:\WINDOWS\SYSTEM32\dhcpcsvc6.DLL
0x00007ff81ce10000 - 0x00007ff81ce2d000 	C:\WINDOWS\SYSTEM32\dhcpcsvc.DLL
0x00007ff82d420000 - 0x00007ff82d4eb000 	C:\WINDOWS\SYSTEM32\DNSAPI.dll
0x00007ffff8bb0000 - 0x00007ffff8d44000 	C:\Program Files\Java\jdk1.8.0_261\jre\bin\awt.dll
0x00007ff82f160000 - 0x00007ff82f22d000 	C:\WINDOWS\System32\OLEAUT32.dll
0x00007ff828260000 - 0x00007ff8282f0000 	C:\WINDOWS\SYSTEM32\apphelp.dll
0x00007ff82b7c0000 - 0x00007ff82b7ef000 	C:\WINDOWS\system32\DWMAPI.DLL
0x00007ff82b5d0000 - 0x00007ff82b66e000 	C:\WINDOWS\system32\uxtheme.dll
0x00007ff801f90000 - 0x00007ff8020b6000 	C:\WINDOWS\system32\opengl32.dll
0x00007ff801c20000 - 0x00007ff801c4c000 	C:\WINDOWS\SYSTEM32\GLU32.dll
0x00007ff82ec00000 - 0x00007ff82ed15000 	C:\WINDOWS\System32\MSCTF.dll
0x00007ff82f290000 - 0x00007ff82f3ba000 	C:\WINDOWS\System32\ole32.dll
0x00007ff82e850000 - 0x00007ff82e8d2000 	C:\WINDOWS\System32\bcryptPrimitives.dll
0x00007ff801b10000 - 0x00007ff801b27000 	C:\WINDOWS\system32\napinsp.dll
0x00007ff801a90000 - 0x00007ff801aab000 	C:\WINDOWS\system32\pnrpnsp.dll
0x00007ff825a90000 - 0x00007ff825aa5000 	C:\WINDOWS\system32\wshbth.dll
0x00007ff826210000 - 0x00007ff82622d000 	C:\WINDOWS\system32\NLAapi.dll
0x00007fffe7020000 - 0x00007fffe7032000 	C:\WINDOWS\System32\winrnr.dll
0x00007ff8229b0000 - 0x00007ff8229ba000 	C:\Windows\System32\rasadhlp.dll
0x00007ff812c90000 - 0x00007ff812d10000 	C:\WINDOWS\System32\fwpuclnt.dll
0x00007ff82e0a0000 - 0x00007ff82e0c7000 	C:\WINDOWS\System32\bcrypt.dll
0x00007ff80cbe0000 - 0x00007ff80cc29000 	C:\Program Files\Java\jdk1.8.0_261\jre\bin\fontmanager.dll
0x00007ff82e8e0000 - 0x00007ff82e989000 	C:\WINDOWS\System32\clbcatq.dll
0x00007ff824d00000 - 0x00007ff824eb4000 	C:\WINDOWS\SYSTEM32\WindowsCodecs.dll
0x00007ff810170000 - 0x00007ff8101ae000 	C:\WINDOWS\system32\dataexchange.dll
0x00007ff826d20000 - 0x00007ff826f84000 	C:\WINDOWS\system32\d3d11.dll
0x00007ff827580000 - 0x00007ff827765000 	C:\WINDOWS\system32\dcomp.dll
0x00007ff82c860000 - 0x00007ff82c953000 	C:\WINDOWS\system32\dxgi.dll
0x00007ff8253a0000 - 0x00007ff8255a1000 	C:\WINDOWS\system32\twinapi.appcore.dll
0x00007ff80cc30000 - 0x00007ff80cc43000 	C:\Program Files\Java\jdk1.8.0_261\jre\bin\nio.dll
0x00007ff80c9b0000 - 0x00007ff80c9f3000 	C:\Program Files\Java\jdk1.8.0_261\jre\bin\t2k.dll
0x00007ff82bd50000 - 0x00007ff82bf34000 	C:\WINDOWS\SYSTEM32\dbghelp.dll

VM Arguments:
jvm_args: -Dfile.encoding=UTF-8 
java_command: jade.Boot -gui REACH:ACOAgent
java_class_path (initial): C:\jade\lib\jade.jar;C:\Users\Ricardo\Documents\NetBeansProjects\ColoniaDeHormigas\build\classes
Launcher Type: SUN_STANDARD

Environment Variables:
CLASSPATH=%CLASSPATH%;.;C:\jade\lib\jade.jar;C:\jade\lib\commons-codec\commons-codec-1.3.jar;C:\jade\src
PATH=C:\Program Files (x86)\Common Files\Intel\Shared Libraries\redist\intel64\compiler;C:\Program Files (x86)\Common Files\Oracle\Java\javapath;C:\WINDOWS\system32;C:\WINDOWS;C:\WINDOWS\System32\Wbem;C:\WINDOWS\System32\WindowsPowerShell\v1.0\;C:\WINDOWS\System32\OpenSSH\;C:\Program Files (x86)\NVIDIA Corporation\PhysX\Common;C:\Program Files\NVIDIA Corporation\NVIDIA NvDLISR;C:\WINDOWS\system32;C:\WINDOWS;C:\WINDOWS\System32\Wbem;C:\WINDOWS\System32\WindowsPowerShell\v1.0\;C:\WINDOWS\System32\OpenSSH\;C:\Program Files\Calibre2\;C:\Program Files (x86)\Intel\Intel(R) Management Engine Components\DAL;C:\Program Files\Intel\Intel(R) Management Engine Components\DAL;C:\Program Files\dotnet\;C:\Program Files (x86)\Microsoft SQL Server\150\DTS\Binn\;C:\Program Files\Cloudflare\Cloudflare WARP\;C:\ProgramData\chocolatey\bin;C:\Program Files\nodejs\;C:\Program Files\Git\cmd;C:\Users\Ricardo\AppData\Local\Programs\Python\Launcher\;C:\Users\Ricardo\AppData\Local\Programs\Python\Python310\Scripts;
USERNAME=Ricardo
OS=Windows_NT
PROCESSOR_IDENTIFIER=Intel64 Family 6 Model 158 Stepping 9, GenuineIntel



---------------  S Y S T E M  ---------------

OS: Windows 10.0 , 64 bit Build 19041 (10.0.19041.1706)

CPU:total 4 (initial active 4) (4 cores per cpu, 1 threads per core) family 6 model 158 stepping 9, cmov, cx8, fxsr, mmx, sse, sse2, sse3, ssse3, sse4.1, sse4.2, popcnt, avx, avx2, aes, clmul, erms, 3dnowpref, lzcnt, tsc, tscinvbit, bmi1, bmi2, adx

Memory: 4k page, physical 8251728k(375060k free), swap 18491728k(224k free)

vm_info: Java HotSpot(TM) 64-Bit Server VM (25.261-b12) for windows-amd64 JRE (1.8.0_261-b12), built on Jun 18 2020 06:56:32 by "" with unknown MS VC++:1916

time: Thu Jun  2 04:46:28 2022
timezone: Central Daylight Time (Mexico)
elapsed time: 8 seconds (0d 0h 0m 8s)

